[2017-11-23 01:53:49] Core.ERROR: API [GET]:.*, Params:Array ( ) , InputData:  -  [] []
[2017-11-23 01:53:49] Core.ERROR: Display Error: , Code: 500 URL: /base/?entryPoint=image&id=5a162a2cb16dfda7e&size=small [] []
[2017-11-23 01:53:49] Core.ERROR: Uncaught Exception Slim\Exception\Stop: "" at /home/smxadmin/crm.samex.online/base/vendor/slim/slim/Slim/Slim.php line 1022 {"exception":"[object] (Slim\\Exception\\Stop(code: 0):  at /home/smxadmin/crm.samex.online/base/vendor/slim/slim/Slim/Slim.php:1022)"} []
[2017-11-23 01:53:58] Core.ERROR: API [GET]:.*, Params:Array ( ) , InputData:  -  [] []
[2017-11-23 01:53:58] Core.ERROR: Display Error: , Code: 500 URL: /base/?entryPoint=avatar&size=small&id=1&t=1511402035970 [] []
[2017-11-23 01:53:58] Core.ERROR: Uncaught Exception Slim\Exception\Stop: "" at /home/smxadmin/crm.samex.online/base/vendor/slim/slim/Slim/Slim.php line 1022 {"exception":"[object] (Slim\\Exception\\Stop(code: 0):  at /home/smxadmin/crm.samex.online/base/vendor/slim/slim/Slim/Slim.php:1022)"} []
[2017-11-23 01:53:58] Core.ERROR: API [GET]:.*, Params:Array ( ) , InputData:  -  [] []
[2017-11-23 01:53:58] Core.ERROR: Display Error: , Code: 500 URL: /base/?entryPoint=avatar&size=small&id=1&t=1511402035967 [] []
[2017-11-23 01:53:58] Core.ERROR: Uncaught Exception Slim\Exception\Stop: "" at /home/smxadmin/crm.samex.online/base/vendor/slim/slim/Slim/Slim.php line 1022 {"exception":"[object] (Slim\\Exception\\Stop(code: 0):  at /home/smxadmin/crm.samex.online/base/vendor/slim/slim/Slim/Slim.php:1022)"} []
[2017-11-23 01:54:09] Core.ERROR: API [GET]:.*, Params:Array ( ) , InputData:  -  [] []
[2017-11-23 01:54:09] Core.ERROR: Display Error: , Code: 500 URL: /base/?entryPoint=avatar&size=small&id=1&t=1511402046136&attachmentId=5a162a2cb16dfda7e [] []
[2017-11-23 01:54:09] Core.ERROR: Uncaught Exception Slim\Exception\Stop: "" at /home/smxadmin/crm.samex.online/base/vendor/slim/slim/Slim/Slim.php line 1022 {"exception":"[object] (Slim\\Exception\\Stop(code: 0):  at /home/smxadmin/crm.samex.online/base/vendor/slim/slim/Slim/Slim.php:1022)"} []
[2017-11-23 01:54:11] Core.ERROR: API [GET]:.*, Params:Array ( ) , InputData:  -  [] []
[2017-11-23 01:54:11] Core.ERROR: Display Error: , Code: 500 URL: /base/?entryPoint=avatar&size=small&id=1&t=1511402049290 [] []
[2017-11-23 01:54:11] Core.ERROR: Uncaught Exception Slim\Exception\Stop: "" at /home/smxadmin/crm.samex.online/base/vendor/slim/slim/Slim/Slim.php line 1022 {"exception":"[object] (Slim\\Exception\\Stop(code: 0):  at /home/smxadmin/crm.samex.online/base/vendor/slim/slim/Slim/Slim.php:1022)"} []
[2017-11-23 01:54:11] Core.ERROR: API [GET]:.*, Params:Array ( ) , InputData:  -  [] []
[2017-11-23 01:54:11] Core.ERROR: Display Error: , Code: 500 URL: /base/?entryPoint=avatar&size=small&id=1&t=1511402049288 [] []
[2017-11-23 01:54:11] Core.ERROR: Uncaught Exception Slim\Exception\Stop: "" at /home/smxadmin/crm.samex.online/base/vendor/slim/slim/Slim/Slim.php line 1022 {"exception":"[object] (Slim\\Exception\\Stop(code: 0):  at /home/smxadmin/crm.samex.online/base/vendor/slim/slim/Slim/Slim.php:1022)"} []
[2017-11-23 01:54:16] Core.ERROR: API [GET]:.*, Params:Array ( ) , InputData:  -  [] []
[2017-11-23 01:54:16] Core.ERROR: Display Error: , Code: 500 URL: /base/?entryPoint=image&id=5a162a2cb16dfda7e&size=small [] []
[2017-11-23 01:54:16] Core.ERROR: Uncaught Exception Slim\Exception\Stop: "" at /home/smxadmin/crm.samex.online/base/vendor/slim/slim/Slim/Slim.php line 1022 {"exception":"[object] (Slim\\Exception\\Stop(code: 0):  at /home/smxadmin/crm.samex.online/base/vendor/slim/slim/Slim/Slim.php:1022)"} []
[2017-11-23 01:54:21] Core.ERROR: API [GET]:.*, Params:Array ( ) , InputData:  -  [] []
[2017-11-23 01:54:21] Core.ERROR: Display Error: , Code: 500 URL: /base/?entryPoint=avatar&size=small&id=1&t=1511402059712&attachmentId=false [] []
[2017-11-23 01:54:21] Core.ERROR: Uncaught Exception Slim\Exception\Stop: "" at /home/smxadmin/crm.samex.online/base/vendor/slim/slim/Slim/Slim.php line 1022 {"exception":"[object] (Slim\\Exception\\Stop(code: 0):  at /home/smxadmin/crm.samex.online/base/vendor/slim/slim/Slim/Slim.php:1022)"} []
[2017-11-23 01:54:47] Core.ERROR: API [GET]:.*, Params:Array ( ) , InputData:  -  [] []
[2017-11-23 01:54:47] Core.ERROR: Display Error: , Code: 500 URL: /base/?entryPoint=image&id=5a162a66b2aa7f497&size=small [] []
[2017-11-23 01:54:47] Core.ERROR: Uncaught Exception Slim\Exception\Stop: "" at /home/smxadmin/crm.samex.online/base/vendor/slim/slim/Slim/Slim.php line 1022 {"exception":"[object] (Slim\\Exception\\Stop(code: 0):  at /home/smxadmin/crm.samex.online/base/vendor/slim/slim/Slim/Slim.php:1022)"} []
[2017-11-23 01:54:53] Core.ERROR: API [GET]:.*, Params:Array ( ) , InputData:  -  [] []
[2017-11-23 01:54:53] Core.ERROR: Display Error: , Code: 500 URL: /base/?entryPoint=avatar&size=small&id=1&t=1511402091783 [] []
[2017-11-23 01:54:53] Core.ERROR: Uncaught Exception Slim\Exception\Stop: "" at /home/smxadmin/crm.samex.online/base/vendor/slim/slim/Slim/Slim.php line 1022 {"exception":"[object] (Slim\\Exception\\Stop(code: 0):  at /home/smxadmin/crm.samex.online/base/vendor/slim/slim/Slim/Slim.php:1022)"} []
[2017-11-23 01:54:53] Core.ERROR: API [GET]:.*, Params:Array ( ) , InputData:  -  [] []
[2017-11-23 01:54:53] Core.ERROR: Display Error: , Code: 500 URL: /base/?entryPoint=avatar&size=small&id=1&t=1511402091781 [] []
[2017-11-23 01:54:53] Core.ERROR: Uncaught Exception Slim\Exception\Stop: "" at /home/smxadmin/crm.samex.online/base/vendor/slim/slim/Slim/Slim.php line 1022 {"exception":"[object] (Slim\\Exception\\Stop(code: 0):  at /home/smxadmin/crm.samex.online/base/vendor/slim/slim/Slim/Slim.php:1022)"} []
[2017-11-23 01:54:56] Core.ERROR: API [GET]:.*, Params:Array ( ) , InputData:  -  [] []
[2017-11-23 01:54:56] Core.ERROR: Display Error: , Code: 500 URL: /base/?entryPoint=image&id=5a162a66b2aa7f497&size=x-large [] []
[2017-11-23 01:54:56] Core.ERROR: Uncaught Exception Slim\Exception\Stop: "" at /home/smxadmin/crm.samex.online/base/vendor/slim/slim/Slim/Slim.php line 1022 {"exception":"[object] (Slim\\Exception\\Stop(code: 0):  at /home/smxadmin/crm.samex.online/base/vendor/slim/slim/Slim/Slim.php:1022)"} []
[2017-11-23 01:55:12] Core.ERROR: API [GET]:.*, Params:Array ( ) , InputData:  -  [] []
[2017-11-23 01:55:12] Core.ERROR: Display Error: , Code: 500 URL: /base/?entryPoint=avatar&size=small&id=1&t=1511402109085&attachmentId=5a162a66b2aa7f497 [] []
[2017-11-23 01:55:12] Core.ERROR: Uncaught Exception Slim\Exception\Stop: "" at /home/smxadmin/crm.samex.online/base/vendor/slim/slim/Slim/Slim.php line 1022 {"exception":"[object] (Slim\\Exception\\Stop(code: 0):  at /home/smxadmin/crm.samex.online/base/vendor/slim/slim/Slim/Slim.php:1022)"} []
[2017-11-23 01:55:13] Core.ERROR: API [GET]:.*, Params:Array ( ) , InputData:  -  [] []
[2017-11-23 01:55:13] Core.ERROR: Display Error: , Code: 500 URL: /base/?entryPoint=avatar&size=small&id=1&t=1511402111219 [] []
[2017-11-23 01:55:13] Core.ERROR: Uncaught Exception Slim\Exception\Stop: "" at /home/smxadmin/crm.samex.online/base/vendor/slim/slim/Slim/Slim.php line 1022 {"exception":"[object] (Slim\\Exception\\Stop(code: 0):  at /home/smxadmin/crm.samex.online/base/vendor/slim/slim/Slim/Slim.php:1022)"} []
[2017-11-23 01:55:13] Core.ERROR: API [GET]:.*, Params:Array ( ) , InputData:  -  [] []
[2017-11-23 01:55:13] Core.ERROR: Display Error: , Code: 500 URL: /base/?entryPoint=avatar&size=small&id=1&t=1511402111221 [] []
[2017-11-23 01:55:13] Core.ERROR: Uncaught Exception Slim\Exception\Stop: "" at /home/smxadmin/crm.samex.online/base/vendor/slim/slim/Slim/Slim.php line 1022 {"exception":"[object] (Slim\\Exception\\Stop(code: 0):  at /home/smxadmin/crm.samex.online/base/vendor/slim/slim/Slim/Slim.php:1022)"} []
[2017-11-23 01:55:24] Core.ERROR: API [GET]:.*, Params:Array ( ) , InputData:  -  [] []
[2017-11-23 01:55:24] Core.ERROR: Display Error: , Code: 500 URL: /base/?entryPoint=image&id=5a162a66b2aa7f497&size=small [] []
[2017-11-23 01:55:24] Core.ERROR: Uncaught Exception Slim\Exception\Stop: "" at /home/smxadmin/crm.samex.online/base/vendor/slim/slim/Slim/Slim.php line 1022 {"exception":"[object] (Slim\\Exception\\Stop(code: 0):  at /home/smxadmin/crm.samex.online/base/vendor/slim/slim/Slim/Slim.php:1022)"} []
[2017-11-23 01:56:50] Core.ERROR: API [GET]:.*, Params:Array ( ) , InputData:  -  [] []
[2017-11-23 01:56:50] Core.ERROR: Display Error: , Code: 500 URL: /base/?entryPoint=avatar&size=small&id=1&t=1511402208753&attachmentId=5a162add7e5bd029c [] []
[2017-11-23 01:56:50] Core.ERROR: Uncaught Exception Slim\Exception\Stop: "" at /home/smxadmin/crm.samex.online/base/vendor/slim/slim/Slim/Slim.php line 1022 {"exception":"[object] (Slim\\Exception\\Stop(code: 0):  at /home/smxadmin/crm.samex.online/base/vendor/slim/slim/Slim/Slim.php:1022)"} []
